<?xml version="1.0" encoding="UTF-8"?>
<!-- Generated by org.testng.reporters.JUnitReportReporter -->
<testsuite hostname="Arish" failures="0" tests="1" name="org.testNGcommands.Commands" time="7.985" errors="0" timestamp="2024-05-30T07:18:27 BST" skipped="0">
  <testcase classname="org.testNGcommands.Commands" name="verifyKeyBoardEvents" time="7.985"/>
</testsuite> <!-- org.testNGcommands.Commands -->
