<?xml version="1.0" encoding="UTF-8"?>
<!-- Generated by org.testng.reporters.JUnitReportReporter -->
<testsuite hostname="Arish" failures="0" tests="1" name="org.testNGcommands.WaitsCommands" time="25.490" errors="0" timestamp="2024-06-05T06:51:22 BST" skipped="0">
  <testcase classname="org.testNGcommands.WaitsCommands" name="verifyFluentWait" time="25.490"/>
</testsuite> <!-- org.testNGcommands.WaitsCommands -->
